<?xml version="1.0" encoding="UTF-8"?>
<coverage generated="1633056061879" clover="3.2.0">
  <project timestamp="1633056061880" name="All files">
    <metrics statements="32" coveredstatements="31" conditionals="10" coveredconditionals="10" methods="8" coveredmethods="7" elements="50" coveredelements="48" complexity="0" loc="32" ncloc="32" packages="1" files="3" classes="3"/>
    <file name="cloneArray.js" path="/home/marc/Projects/Interview/exercises/cloneArray.js">
      <metrics statements="3" coveredstatements="3" conditionals="0" coveredconditionals="0" methods="1" coveredmethods="1"/>
      <line num="1" count="3" type="stmt"/>
      <line num="3" count="1" type="stmt"/>
      <line num="5" count="1" type="stmt"/>
    </file>
    <file name="exercise.js" path="/home/marc/Projects/Interview/exercises/exercise.js">
      <metrics statements="16" coveredstatements="15" conditionals="4" coveredconditionals="4" methods="5" coveredmethods="4"/>
      <line num="1" count="1" type="stmt"/>
      <line num="2" count="0" type="stmt"/>
      <line num="4" count="1" type="stmt"/>
      <line num="5" count="3" type="stmt"/>
      <line num="6" count="3" type="stmt"/>
      <line num="7" count="3" type="stmt"/>
      <line num="8" count="3" type="cond" truecount="2" falsecount="0"/>
      <line num="9" count="2" type="stmt"/>
      <line num="10" count="2" type="stmt"/>
      <line num="11" count="10" type="stmt"/>
      <line num="12" count="90" type="cond" truecount="2" falsecount="0"/>
      <line num="13" count="10" type="stmt"/>
      <line num="18" count="3" type="stmt"/>
      <line num="19" count="10" type="stmt"/>
      <line num="21" count="3" type="stmt"/>
      <line num="24" count="1" type="stmt"/>
    </file>
    <file name="index.js" path="/home/marc/Projects/Interview/exercises/index.js">
      <metrics statements="13" coveredstatements="13" conditionals="6" coveredconditionals="6" methods="2" coveredmethods="2"/>
      <line num="1" count="1" type="stmt"/>
      <line num="3" count="1" type="stmt"/>
      <line num="4" count="3" type="stmt"/>
      <line num="5" count="3" type="stmt"/>
      <line num="6" count="52" type="cond" truecount="2" falsecount="0"/>
      <line num="8" count="3" type="stmt"/>
      <line num="11" count="1" type="stmt"/>
      <line num="12" count="4" type="stmt"/>
      <line num="13" count="4" type="stmt"/>
      <line num="14" count="4" type="cond" truecount="2" falsecount="0"/>
      <line num="15" count="4" type="stmt"/>
      <line num="17" count="4" type="stmt"/>
      <line num="20" count="1" type="stmt"/>
    </file>
  </project>
</coverage>
