{"/home/marc/Projects/Interview/exercises/cloneArray.js": {"path":"/home/marc/Projects/Interview/exercises/cloneArray.js","statementMap":{"0":{"start":{"line":1,"column":19},"end":{"line":1,"column":38}},"1":{"start":{"line":1,"column":28},"end":{"line":1,"column":38}},"2":{"start":{"line":3,"column":0},"end":{"line":3,"column":28}},"3":{"start":{"line":5,"column":0},"end":{"line":5,"column":33}}},"fnMap":{"0":{"name":"(anonymous_0)","decl":{"start":{"line":1,"column":19},"end":{"line":1,"column":20}},"loc":{"start":{"line":1,"column":28},"end":{"line":1,"column":38}},"line":1}},"branchMap":{},"s":{"0":1,"1":3,"2":1,"3":1},"f":{"0":3},"b":{},"_coverageSchema":"1a1c01bbd47fc00a2c39e90264f33305004495a9","hash":"e96706d5312802c32227d99768a0a95845c50313"}
,"/home/marc/Projects/Interview/exercises/exercise.js": {"path":"/home/marc/Projects/Interview/exercises/exercise.js","statementMap":{"0":{"start":{"line":1,"column":18},"end":{"line":3,"column":1}},"1":{"start":{"line":2,"column":2},"end":{"line":2,"column":14}},"2":{"start":{"line":4,"column":19},"end":{"line":22,"column":1}},"3":{"start":{"line":5,"column":15},"end":{"line":5,"column":17}},"4":{"start":{"line":6,"column":18},"end":{"line":6,"column":20}},"5":{"start":{"line":7,"column":16},"end":{"line":7,"column":43}},"6":{"start":{"line":8,"column":2},"end":{"line":17,"column":3}},"7":{"start":{"line":9,"column":16},"end":{"line":9,"column":32}},"8":{"start":{"line":10,"column":4},"end":{"line":16,"column":7}},"9":{"start":{"line":11,"column":6},"end":{"line":15,"column":9}},"10":{"start":{"line":12,"column":8},"end":{"line":14,"column":9}},"11":{"start":{"line":13,"column":10},"end":{"line":13,"column":40}},"12":{"start":{"line":18,"column":2},"end":{"line":20,"column":5}},"13":{"start":{"line":19,"column":4},"end":{"line":19,"column":25}},"14":{"start":{"line":21,"column":2},"end":{"line":21,"column":28}},"15":{"start":{"line":24,"column":0},"end":{"line":24,"column":28}}},"fnMap":{"0":{"name":"(anonymous_0)","decl":{"start":{"line":1,"column":18},"end":{"line":1,"column":19}},"loc":{"start":{"line":1,"column":24},"end":{"line":3,"column":1}},"line":1},"1":{"name":"(anonymous_1)","decl":{"start":{"line":4,"column":19},"end":{"line":4,"column":20}},"loc":{"start":{"line":4,"column":30},"end":{"line":22,"column":1}},"line":4},"2":{"name":"(anonymous_2)","decl":{"start":{"line":10,"column":18},"end":{"line":10,"column":19}},"loc":{"start":{"line":10,"column":28},"end":{"line":16,"column":5}},"line":10},"3":{"name":"(anonymous_3)","decl":{"start":{"line":11,"column":22},"end":{"line":11,"column":23}},"loc":{"start":{"line":11,"column":34},"end":{"line":15,"column":7}},"line":11},"4":{"name":"(anonymous_4)","decl":{"start":{"line":18,"column":35},"end":{"line":18,"column":36}},"loc":{"start":{"line":18,"column":45},"end":{"line":20,"column":3}},"line":18}},"branchMap":{"0":{"loc":{"start":{"line":8,"column":2},"end":{"line":17,"column":3}},"type":"if","locations":[{"start":{"line":8,"column":2},"end":{"line":17,"column":3}},{"start":{"line":8,"column":2},"end":{"line":17,"column":3}}],"line":8},"1":{"loc":{"start":{"line":12,"column":8},"end":{"line":14,"column":9}},"type":"if","locations":[{"start":{"line":12,"column":8},"end":{"line":14,"column":9}},{"start":{"line":12,"column":8},"end":{"line":14,"column":9}}],"line":12}},"s":{"0":1,"1":0,"2":1,"3":3,"4":3,"5":3,"6":3,"7":2,"8":2,"9":10,"10":90,"11":10,"12":3,"13":10,"14":3,"15":1},"f":{"0":0,"1":3,"2":10,"3":90,"4":10},"b":{"0":[2,1],"1":[10,80]},"_coverageSchema":"1a1c01bbd47fc00a2c39e90264f33305004495a9","hash":"1ee3ac3dd7933216a7faa687928d51e0d94728f4"}
,"/home/marc/Projects/Interview/exercises/index.js": {"path":"/home/marc/Projects/Interview/exercises/index.js","statementMap":{"0":{"start":{"line":1,"column":18},"end":{"line":1,"column":53}},"1":{"start":{"line":3,"column":15},"end":{"line":9,"column":1}},"2":{"start":{"line":4,"column":15},"end":{"line":4,"column":16}},"3":{"start":{"line":5,"column":2},"end":{"line":7,"column":3}},"4":{"start":{"line":5,"column":15},"end":{"line":5,"column":16}},"5":{"start":{"line":6,"column":4},"end":{"line":6,"column":59}},"6":{"start":{"line":8,"column":2},"end":{"line":8,"column":16}},"7":{"start":{"line":11,"column":21},"end":{"line":18,"column":1}},"8":{"start":{"line":12,"column":15},"end":{"line":12,"column":17}},"9":{"start":{"line":13,"column":18},"end":{"line":13,"column":19}},"10":{"start":{"line":14,"column":2},"end":{"line":14,"column":62}},"11":{"start":{"line":15,"column":2},"end":{"line":16,"column":79}},"12":{"start":{"line":17,"column":2},"end":{"line":17,"column":16}},"13":{"start":{"line":20,"column":0},"end":{"line":20,"column":30}}},"fnMap":{"0":{"name":"(anonymous_0)","decl":{"start":{"line":3,"column":15},"end":{"line":3,"column":16}},"loc":{"start":{"line":3,"column":27},"end":{"line":9,"column":1}},"line":3},"1":{"name":"(anonymous_1)","decl":{"start":{"line":11,"column":21},"end":{"line":11,"column":22}},"loc":{"start":{"line":11,"column":33},"end":{"line":18,"column":1}},"line":11}},"branchMap":{"0":{"loc":{"start":{"line":6,"column":14},"end":{"line":6,"column":58}},"type":"cond-expr","locations":[{"start":{"line":6,"column":53},"end":{"line":6,"column":54}},{"start":{"line":6,"column":57},"end":{"line":6,"column":58}}],"line":6},"1":{"loc":{"start":{"line":14,"column":14},"end":{"line":14,"column":61}},"type":"cond-expr","locations":[{"start":{"line":14,"column":30},"end":{"line":14,"column":44}},{"start":{"line":14,"column":47},"end":{"line":14,"column":61}}],"line":14},"2":{"loc":{"start":{"line":16,"column":4},"end":{"line":16,"column":78}},"type":"cond-expr","locations":[{"start":{"line":16,"column":35},"end":{"line":16,"column":44}},{"start":{"line":16,"column":47},"end":{"line":16,"column":78}}],"line":16}},"s":{"0":1,"1":1,"2":3,"3":3,"4":3,"5":52,"6":3,"7":1,"8":4,"9":4,"10":4,"11":4,"12":4,"13":1},"f":{"0":3,"1":4},"b":{"0":[42,10],"1":[3,1],"2":[1,3]},"_coverageSchema":"1a1c01bbd47fc00a2c39e90264f33305004495a9","hash":"da2080d93b282dede3679dc61279facad0979d4e"}
}
