TN:
SF:exercises/cloneArray.js
FN:1,(anonymous_0)
FNF:1
FNH:1
FNDA:3,(anonymous_0)
DA:1,3
DA:3,1
DA:5,1
LF:3
LH:3
BRF:0
BRH:0
end_of_record
TN:
SF:exercises/exercise.js
FN:1,(anonymous_0)
FN:4,(anonymous_1)
FN:10,(anonymous_2)
FN:11,(anonymous_3)
FN:18,(anonymous_4)
FNF:5
FNH:4
FNDA:0,(anonymous_0)
FNDA:3,(anonymous_1)
FNDA:10,(anonymous_2)
FNDA:90,(anonymous_3)
FNDA:10,(anonymous_4)
DA:1,1
DA:2,0
DA:4,1
DA:5,3
DA:6,3
DA:7,3
DA:8,3
DA:9,2
DA:10,2
DA:11,10
DA:12,90
DA:13,10
DA:18,3
DA:19,10
DA:21,3
DA:24,1
LF:16
LH:15
BRDA:8,0,0,2
BRDA:8,0,1,1
BRDA:12,1,0,10
BRDA:12,1,1,80
BRF:4
BRH:4
end_of_record
TN:
SF:exercises/index.js
FN:3,(anonymous_0)
FN:11,(anonymous_1)
FNF:2
FNH:2
FNDA:3,(anonymous_0)
FNDA:4,(anonymous_1)
DA:1,1
DA:3,1
DA:4,3
DA:5,3
DA:6,52
DA:8,3
DA:11,1
DA:12,4
DA:13,4
DA:14,4
DA:15,4
DA:17,4
DA:20,1
LF:13
LH:13
BRDA:6,0,0,42
BRDA:6,0,1,10
BRDA:14,1,0,3
BRDA:14,1,1,1
BRDA:16,2,0,1
BRDA:16,2,1,3
BRF:6
BRH:6
end_of_record
